0 info it worked if it ends with ok
1 verbose cli [ '/usr/local/bin/node', '/usr/local/bin/npm', 'install' ]
2 info using npm@1.4.14
3 info using node@v0.10.29
4 verbose readDependencies using package.json deps
5 verbose install where, deps [ '/home/dchoi2/Documents/Michael/2014 MIT Fall/HackMIT2014/joberino',
5 verbose install   [ 'express-session',
5 verbose install     'express',
5 verbose install     'static-favicon',
5 verbose install     'morgan',
5 verbose install     'cookie-parser',
5 verbose install     'body-parser',
5 verbose install     'debug',
5 verbose install     'ejs',
5 verbose install     'monk' ] ]
6 info preinstall fritter@0.0.1
7 verbose readDependencies using package.json deps
8 verbose already installed skipping cookie-parser@~1.0.1 /home/dchoi2/Documents/Michael/2014 MIT Fall/HackMIT2014/joberino
9 verbose already installed skipping body-parser@~1.0.0 /home/dchoi2/Documents/Michael/2014 MIT Fall/HackMIT2014/joberino
10 verbose already installed skipping debug@~0.7.4 /home/dchoi2/Documents/Michael/2014 MIT Fall/HackMIT2014/joberino
11 verbose already installed skipping ejs@~0.8.5 /home/dchoi2/Documents/Michael/2014 MIT Fall/HackMIT2014/joberino
12 verbose cache add [ 'monk@3.4.0', null ]
13 verbose cache add name=undefined spec="monk@3.4.0" args=["monk@3.4.0",null]
14 verbose parsed url { protocol: null,
14 verbose parsed url   slashes: null,
14 verbose parsed url   auth: null,
14 verbose parsed url   host: null,
14 verbose parsed url   port: null,
14 verbose parsed url   hostname: null,
14 verbose parsed url   hash: null,
14 verbose parsed url   search: null,
14 verbose parsed url   query: null,
14 verbose parsed url   pathname: 'monk@3.4.0',
14 verbose parsed url   path: 'monk@3.4.0',
14 verbose parsed url   href: 'monk@3.4.0' }
15 verbose cache add name="monk" spec="3.4.0" args=["monk","3.4.0"]
16 verbose parsed url { protocol: null,
16 verbose parsed url   slashes: null,
16 verbose parsed url   auth: null,
16 verbose parsed url   host: null,
16 verbose parsed url   port: null,
16 verbose parsed url   hostname: null,
16 verbose parsed url   hash: null,
16 verbose parsed url   search: null,
16 verbose parsed url   query: null,
16 verbose parsed url   pathname: '3.4.0',
16 verbose parsed url   path: '3.4.0',
16 verbose parsed url   href: '3.4.0' }
17 verbose addNamed [ 'monk', '3.4.0' ]
18 verbose addNamed [ '3.4.0', '3.4.0' ]
19 silly lockFile 0dfbe0ba-monk-3-4-0 monk@3.4.0
20 verbose lock monk@3.4.0 /home/dchoi2/.npm/0dfbe0ba-monk-3-4-0.lock
21 verbose already installed skipping static-favicon@~1.0.0 /home/dchoi2/Documents/Michael/2014 MIT Fall/HackMIT2014/joberino
22 verbose url raw monk
23 verbose url resolving [ 'https://registry.npmjs.org/', './monk' ]
24 verbose url resolved https://registry.npmjs.org/monk
25 info trying registry request attempt 1 at 21:19:54
26 verbose etag "AACRKLA3WRIK8M5XIM06NMRLZ"
27 http GET https://registry.npmjs.org/monk
28 verbose already installed skipping express-session@~1.0.2 /home/dchoi2/Documents/Michael/2014 MIT Fall/HackMIT2014/joberino
29 verbose already installed skipping express@~4.2.0 /home/dchoi2/Documents/Michael/2014 MIT Fall/HackMIT2014/joberino
30 verbose already installed skipping morgan@~1.0.0 /home/dchoi2/Documents/Michael/2014 MIT Fall/HackMIT2014/joberino
31 http 304 https://registry.npmjs.org/monk
32 silly registry.get cb [ 304,
32 silly registry.get   { date: 'Sun, 05 Oct 2014 01:19:55 GMT',
32 silly registry.get     server: 'Apache',
32 silly registry.get     via: '1.1 varnish',
32 silly registry.get     'last-modified': 'Sun, 05 Oct 2014 01:19:55 GMT',
32 silly registry.get     'cache-control': 'max-age=60',
32 silly registry.get     etag: '"AACRKLA3WRIK8M5XIM06NMRLZ"',
32 silly registry.get     'x-served-by': 'cache-atl6235-ATL',
32 silly registry.get     'x-cache': 'MISS',
32 silly registry.get     'x-cache-hits': '0',
32 silly registry.get     'x-timer': 'S1412471995.148137,VS0,VE21',
32 silly registry.get     vary: 'Accept',
32 silly registry.get     'content-length': '0',
32 silly registry.get     'keep-alive': 'timeout=10, max=50',
32 silly registry.get     connection: 'Keep-Alive' } ]
33 verbose etag monk from cache
34 silly lockFile 0dfbe0ba-monk-3-4-0 monk@3.4.0
35 silly lockFile 0dfbe0ba-monk-3-4-0 monk@3.4.0
36 error Error: version not found: monk@3.4.0
36 error     at /usr/local/lib/node_modules/npm/lib/cache/add-named.js:123:12
36 error     at saved (/usr/local/lib/node_modules/npm/node_modules/npm-registry-client/lib/get.js:141:7)
36 error     at /usr/local/lib/node_modules/npm/node_modules/graceful-fs/polyfills.js:133:7
36 error     at Object.oncomplete (fs.js:107:15)
37 error If you need help, you may report this *entire* log,
37 error including the npm and node versions, at:
37 error     <http://github.com/npm/npm/issues>
38 error System Linux 3.11.0-26-generic
39 error command "/usr/local/bin/node" "/usr/local/bin/npm" "install"
40 error cwd /home/dchoi2/Documents/Michael/2014 MIT Fall/HackMIT2014/joberino
41 error node -v v0.10.29
42 error npm -v 1.4.14
43 verbose exit [ 1, true ]
